<?xml version="1.0" encoding="UTF-8"?>
<testng-results ignored="2" total="7" passed="3" failed="1" skipped="1">
  <reporter-output>
  </reporter-output>
  <suite started-at="2024-05-07T22:36:07 IST" name="Ticket Booking Project" finished-at="2024-05-07T22:36:19 IST" duration-ms="12073">
    <groups>
      <group name="smoke">
        <method signature="TC1_clickSearch.division()[pri:1, instance:com.test.testcases.TC1_clickSearch@436813f3]" name="division" class="com.test.testcases.TC1_clickSearch"/>
        <method signature="TC1_clickSearch.addition()[pri:2, instance:com.test.testcases.TC1_clickSearch@436813f3]" name="addition" class="com.test.testcases.TC1_clickSearch"/>
        <method signature="TC1_clickSearch.divisionagain()[pri:3, instance:com.test.testcases.TC1_clickSearch@436813f3]" name="divisionagain" class="com.test.testcases.TC1_clickSearch"/>
        <method signature="TC1_clickSearch.additionagain()[pri:4, instance:com.test.testcases.TC1_clickSearch@436813f3]" name="additionagain" class="com.test.testcases.TC1_clickSearch"/>
        <method signature="TC1_clickSearch.clickSearchTicket()[pri:0, instance:com.test.testcases.TC1_clickSearch@436813f3]" name="clickSearchTicket" class="com.test.testcases.TC1_clickSearch"/>
      </group> <!-- smoke -->
    </groups>
    <test started-at="2024-05-07T22:36:07 IST" name="TestCasesSuite" finished-at="2024-05-07T22:36:19 IST" duration-ms="12073">
      <class name="com.test.base.BaseClass">
        <test-method is-config="true" signature="startAutomationSuite()[pri:0, instance:com.test.base.BaseClass@6ae5aa72]" started-at="2024-05-07T22:36:07 IST" name="startAutomationSuite" finished-at="2024-05-07T22:36:07 IST" duration-ms="10" status="PASS">
          <reporter-output>
          </reporter-output>
        </test-method> <!-- startAutomationSuite -->
        <test-method is-config="true" signature="endAutomationSuite()[pri:0, instance:com.test.base.BaseClass@6ae5aa72]" started-at="2024-05-07T22:36:19 IST" name="endAutomationSuite" finished-at="2024-05-07T22:36:19 IST" duration-ms="0" status="PASS">
          <reporter-output>
          </reporter-output>
        </test-method> <!-- endAutomationSuite -->
      </class> <!-- com.test.base.BaseClass -->
      <class name="com.test.testcases.TC1_clickSearch">
        <test-method is-config="true" signature="launchBrowser(java.lang.String)[pri:0, instance:com.test.testcases.TC1_clickSearch@436813f3]" started-at="2024-05-07T22:36:07 IST" name="launchBrowser" finished-at="2024-05-07T22:36:09 IST" duration-ms="2490" status="PASS">
          <params>
            <param index="0">
              <value>
                <![CDATA[chrome]]>
              </value>
            </param>
          </params>
          <reporter-output>
          </reporter-output>
        </test-method> <!-- launchBrowser -->
        <test-method signature="clickSearchTicket()[pri:0, instance:com.test.testcases.TC1_clickSearch@436813f3]" started-at="2024-05-07T22:36:09 IST" name="clickSearchTicket" description="First test method" finished-at="2024-05-07T22:36:10 IST" duration-ms="717" status="PASS">
          <reporter-output>
          </reporter-output>
        </test-method> <!-- clickSearchTicket -->
        <test-method is-config="true" signature="tearDown()[pri:0, instance:com.test.testcases.TC1_clickSearch@436813f3]" started-at="2024-05-07T22:36:10 IST" name="tearDown" finished-at="2024-05-07T22:36:11 IST" duration-ms="749" status="PASS">
          <reporter-output>
          </reporter-output>
        </test-method> <!-- tearDown -->
        <test-method is-config="true" signature="launchBrowser(java.lang.String)[pri:0, instance:com.test.testcases.TC1_clickSearch@436813f3]" started-at="2024-05-07T22:36:11 IST" name="launchBrowser" finished-at="2024-05-07T22:36:12 IST" duration-ms="1897" status="PASS">
          <params>
            <param index="0">
              <value>
                <![CDATA[chrome]]>
              </value>
            </param>
          </params>
          <reporter-output>
          </reporter-output>
        </test-method> <!-- launchBrowser -->
        <test-method signature="division()[pri:1, instance:com.test.testcases.TC1_clickSearch@436813f3]" started-at="2024-05-07T22:36:12 IST" name="division" finished-at="2024-05-07T22:36:12 IST" duration-ms="3" status="PASS">
          <exception class="java.lang.ArithmeticException">
            <message>
              <![CDATA[/ by zero]]>
            </message>
            <full-stacktrace>
              <![CDATA[java.lang.ArithmeticException: / by zero
at com.test.testcases.TC1_clickSearch.division(TC1_clickSearch.java:35)
at java.base/jdk.internal.reflect.NativeMethodAccessorImpl.invoke0(Native Method)
at java.base/jdk.internal.reflect.NativeMethodAccessorImpl.invoke(NativeMethodAccessorImpl.java:77)
at java.base/jdk.internal.reflect.DelegatingMethodAccessorImpl.invoke(DelegatingMethodAccessorImpl.java:43)
at java.base/java.lang.reflect.Method.invoke(Method.java:568)
at org.testng.internal.MethodInvocationHelper.invokeMethod(MethodInvocationHelper.java:133)
at org.testng.internal.TestInvoker.invokeMethod(TestInvoker.java:598)
at org.testng.internal.TestInvoker.invokeTestMethod(TestInvoker.java:173)
at org.testng.internal.MethodRunner.runInSequence(MethodRunner.java:46)
at org.testng.internal.TestInvoker$MethodInvocationAgent.invoke(TestInvoker.java:824)
at org.testng.internal.TestInvoker.invokeTestMethods(TestInvoker.java:146)
at org.testng.internal.TestMethodWorker.invokeTestMethods(TestMethodWorker.java:146)
at org.testng.internal.TestMethodWorker.run(TestMethodWorker.java:128)
at java.base/java.util.ArrayList.forEach(ArrayList.java:1511)
at org.testng.TestRunner.privateRun(TestRunner.java:794)
at org.testng.TestRunner.run(TestRunner.java:596)
at org.testng.SuiteRunner.runTest(SuiteRunner.java:377)
at org.testng.SuiteRunner.runSequentially(SuiteRunner.java:371)
at org.testng.SuiteRunner.privateRun(SuiteRunner.java:332)
at org.testng.SuiteRunner.run(SuiteRunner.java:276)
at org.testng.SuiteRunnerWorker.runSuite(SuiteRunnerWorker.java:53)
at org.testng.SuiteRunnerWorker.run(SuiteRunnerWorker.java:96)
at org.testng.TestNG.runSuitesSequentially(TestNG.java:1212)
at org.testng.TestNG.runSuitesLocally(TestNG.java:1134)
at org.testng.TestNG.runSuites(TestNG.java:1063)
at org.testng.TestNG.run(TestNG.java:1031)
at org.testng.remote.AbstractRemoteTestNG.run(AbstractRemoteTestNG.java:115)
at org.testng.remote.RemoteTestNG.initAndRun(RemoteTestNG.java:251)
at org.testng.remote.RemoteTestNG.main(RemoteTestNG.java:77)
]]>
            </full-stacktrace>
          </exception> <!-- java.lang.ArithmeticException -->
          <reporter-output>
          </reporter-output>
        </test-method> <!-- division -->
        <test-method is-config="true" signature="tearDown()[pri:0, instance:com.test.testcases.TC1_clickSearch@436813f3]" started-at="2024-05-07T22:36:12 IST" name="tearDown" finished-at="2024-05-07T22:36:13 IST" duration-ms="750" status="PASS">
          <reporter-output>
          </reporter-output>
        </test-method> <!-- tearDown -->
        <test-method is-config="true" signature="launchBrowser(java.lang.String)[pri:0, instance:com.test.testcases.TC1_clickSearch@436813f3]" started-at="2024-05-07T22:36:13 IST" name="launchBrowser" finished-at="2024-05-07T22:36:15 IST" duration-ms="1866" status="PASS">
          <params>
            <param index="0">
              <value>
                <![CDATA[chrome]]>
              </value>
            </param>
          </params>
          <reporter-output>
          </reporter-output>
        </test-method> <!-- launchBrowser -->
        <test-method signature="addition()[pri:2, instance:com.test.testcases.TC1_clickSearch@436813f3]" started-at="2024-05-07T22:36:15 IST" name="addition" finished-at="2024-05-07T22:36:15 IST" depends-on-methods="com.test.testcases.TC1_clickSearch.division" duration-ms="3" status="PASS">
          <reporter-output>
          </reporter-output>
        </test-method> <!-- addition -->
        <test-method is-config="true" signature="tearDown()[pri:0, instance:com.test.testcases.TC1_clickSearch@436813f3]" started-at="2024-05-07T22:36:15 IST" name="tearDown" finished-at="2024-05-07T22:36:16 IST" duration-ms="768" status="PASS">
          <reporter-output>
          </reporter-output>
        </test-method> <!-- tearDown -->
        <test-method is-config="true" signature="launchBrowser(java.lang.String)[pri:0, instance:com.test.testcases.TC1_clickSearch@436813f3]" started-at="2024-05-07T22:36:16 IST" name="launchBrowser" finished-at="2024-05-07T22:36:18 IST" duration-ms="1996" status="PASS">
          <params>
            <param index="0">
              <value>
                <![CDATA[chrome]]>
              </value>
            </param>
          </params>
          <reporter-output>
          </reporter-output>
        </test-method> <!-- launchBrowser -->
        <test-method signature="divisionagain()[pri:3, instance:com.test.testcases.TC1_clickSearch@436813f3]" started-at="2024-05-07T22:36:18 IST" name="divisionagain" finished-at="2024-05-07T22:36:18 IST" duration-ms="2" status="FAIL">
          <exception class="java.lang.ArithmeticException">
            <message>
              <![CDATA[/ by zero]]>
            </message>
            <full-stacktrace>
              <![CDATA[java.lang.ArithmeticException: / by zero
at com.test.testcases.TC1_clickSearch.divisionagain(TC1_clickSearch.java:52)
at java.base/jdk.internal.reflect.NativeMethodAccessorImpl.invoke0(Native Method)
at java.base/jdk.internal.reflect.NativeMethodAccessorImpl.invoke(NativeMethodAccessorImpl.java:77)
at java.base/jdk.internal.reflect.DelegatingMethodAccessorImpl.invoke(DelegatingMethodAccessorImpl.java:43)
at java.base/java.lang.reflect.Method.invoke(Method.java:568)
at org.testng.internal.MethodInvocationHelper.invokeMethod(MethodInvocationHelper.java:133)
at org.testng.internal.TestInvoker.invokeMethod(TestInvoker.java:598)
at org.testng.internal.TestInvoker.invokeTestMethod(TestInvoker.java:173)
at org.testng.internal.MethodRunner.runInSequence(MethodRunner.java:46)
at org.testng.internal.TestInvoker$MethodInvocationAgent.invoke(TestInvoker.java:824)
at org.testng.internal.TestInvoker.invokeTestMethods(TestInvoker.java:146)
at org.testng.internal.TestMethodWorker.invokeTestMethods(TestMethodWorker.java:146)
at org.testng.internal.TestMethodWorker.run(TestMethodWorker.java:128)
at java.base/java.util.ArrayList.forEach(ArrayList.java:1511)
at org.testng.TestRunner.privateRun(TestRunner.java:794)
at org.testng.TestRunner.run(TestRunner.java:596)
at org.testng.SuiteRunner.runTest(SuiteRunner.java:377)
at org.testng.SuiteRunner.runSequentially(SuiteRunner.java:371)
at org.testng.SuiteRunner.privateRun(SuiteRunner.java:332)
at org.testng.SuiteRunner.run(SuiteRunner.java:276)
at org.testng.SuiteRunnerWorker.runSuite(SuiteRunnerWorker.java:53)
at org.testng.SuiteRunnerWorker.run(SuiteRunnerWorker.java:96)
at org.testng.TestNG.runSuitesSequentially(TestNG.java:1212)
at org.testng.TestNG.runSuitesLocally(TestNG.java:1134)
at org.testng.TestNG.runSuites(TestNG.java:1063)
at org.testng.TestNG.run(TestNG.java:1031)
at org.testng.remote.AbstractRemoteTestNG.run(AbstractRemoteTestNG.java:115)
at org.testng.remote.RemoteTestNG.initAndRun(RemoteTestNG.java:251)
at org.testng.remote.RemoteTestNG.main(RemoteTestNG.java:77)
]]>
            </full-stacktrace>
          </exception> <!-- java.lang.ArithmeticException -->
          <reporter-output>
          </reporter-output>
        </test-method> <!-- divisionagain -->
        <test-method is-config="true" signature="tearDown()[pri:0, instance:com.test.testcases.TC1_clickSearch@436813f3]" started-at="2024-05-07T22:36:18 IST" name="tearDown" finished-at="2024-05-07T22:36:19 IST" duration-ms="763" status="PASS">
          <reporter-output>
          </reporter-output>
        </test-method> <!-- tearDown -->
        <test-method signature="additionagain()[pri:4, instance:com.test.testcases.TC1_clickSearch@436813f3]" started-at="2024-05-07T22:36:19 IST" name="additionagain" finished-at="2024-05-07T22:36:19 IST" depends-on-methods="com.test.testcases.TC1_clickSearch.divisionagain" duration-ms="0" status="SKIP">
          <exception class="java.lang.Throwable">
            <message>
              <![CDATA[Method TC1_clickSearch.additionagain()[pri:4, instance:com.test.testcases.TC1_clickSearch@436813f3] depends on not successfully finished methods]]>
            </message>
            <full-stacktrace>
              <![CDATA[java.lang.Throwable: Method TC1_clickSearch.additionagain()[pri:4, instance:com.test.testcases.TC1_clickSearch@436813f3] depends on not successfully finished methods
at org.testng.internal.TestInvoker.invokeTestMethods(TestInvoker.java:102)
at org.testng.internal.TestMethodWorker.invokeTestMethods(TestMethodWorker.java:146)
at org.testng.internal.TestMethodWorker.run(TestMethodWorker.java:128)
at java.base/java.util.ArrayList.forEach(ArrayList.java:1511)
at org.testng.TestRunner.privateRun(TestRunner.java:794)
at org.testng.TestRunner.run(TestRunner.java:596)
at org.testng.SuiteRunner.runTest(SuiteRunner.java:377)
at org.testng.SuiteRunner.runSequentially(SuiteRunner.java:371)
at org.testng.SuiteRunner.privateRun(SuiteRunner.java:332)
at org.testng.SuiteRunner.run(SuiteRunner.java:276)
at org.testng.SuiteRunnerWorker.runSuite(SuiteRunnerWorker.java:53)
at org.testng.SuiteRunnerWorker.run(SuiteRunnerWorker.java:96)
at org.testng.TestNG.runSuitesSequentially(TestNG.java:1212)
at org.testng.TestNG.runSuitesLocally(TestNG.java:1134)
at org.testng.TestNG.runSuites(TestNG.java:1063)
at org.testng.TestNG.run(TestNG.java:1031)
at org.testng.remote.AbstractRemoteTestNG.run(AbstractRemoteTestNG.java:115)
at org.testng.remote.RemoteTestNG.initAndRun(RemoteTestNG.java:251)
at org.testng.remote.RemoteTestNG.main(RemoteTestNG.java:77)
]]>
            </full-stacktrace>
          </exception> <!-- java.lang.Throwable -->
          <reporter-output>
          </reporter-output>
        </test-method> <!-- additionagain -->
      </class> <!-- com.test.testcases.TC1_clickSearch -->
    </test> <!-- TestCasesSuite -->
  </suite> <!-- Ticket Booking Project -->
</testng-results>
